{"/Users/juanhernandez/Documents/Trabajo/Desarrollo/CheckSystem/check-system-front/src/App.js": {"path":"/Users/juanhernandez/Documents/Trabajo/Desarrollo/CheckSystem/check-system-front/src/App.js","statementMap":{"0":{"start":{"line":8,"column":2},"end":{"line":17,"column":4}}},"fnMap":{"0":{"name":"App","decl":{"start":{"line":7,"column":9},"end":{"line":7,"column":12}},"loc":{"start":{"line":7,"column":15},"end":{"line":18,"column":1}},"line":7}},"branchMap":{},"s":{"0":1},"f":{"0":1},"b":{},"_coverageSchema":"1a1c01bbd47fc00a2c39e90264f33305004495a9","hash":"d5471c46f9da30a1fdfbb51d0e310c85937fdf40"}
,"/Users/juanhernandez/Documents/Trabajo/Desarrollo/CheckSystem/check-system-front/src/index.js": {"path":"/Users/juanhernandez/Documents/Trabajo/Desarrollo/CheckSystem/check-system-front/src/index.js","statementMap":{"0":{"start":{"line":9,"column":0},"end":{"line":17,"column":3}},"1":{"start":{"line":19,"column":13},"end":{"line":19,"column":65}},"2":{"start":{"line":20,"column":0},"end":{"line":20,"column":21}},"3":{"start":{"line":25,"column":0},"end":{"line":25,"column":18}}},"fnMap":{},"branchMap":{},"s":{"0":0,"1":0,"2":0,"3":0},"f":{},"b":{}}
,"/Users/juanhernandez/Documents/Trabajo/Desarrollo/CheckSystem/check-system-front/src/reportWebVitals.js": {"path":"/Users/juanhernandez/Documents/Trabajo/Desarrollo/CheckSystem/check-system-front/src/reportWebVitals.js","statementMap":{"0":{"start":{"line":1,"column":24},"end":{"line":11,"column":1}},"1":{"start":{"line":2,"column":2},"end":{"line":10,"column":3}},"2":{"start":{"line":3,"column":4},"end":{"line":9,"column":7}},"3":{"start":{"line":4,"column":6},"end":{"line":4,"column":26}},"4":{"start":{"line":5,"column":6},"end":{"line":5,"column":26}},"5":{"start":{"line":6,"column":6},"end":{"line":6,"column":26}},"6":{"start":{"line":7,"column":6},"end":{"line":7,"column":26}},"7":{"start":{"line":8,"column":6},"end":{"line":8,"column":27}}},"fnMap":{"0":{"name":"(anonymous_0)","decl":{"start":{"line":1,"column":24},"end":{"line":1,"column":25}},"loc":{"start":{"line":1,"column":39},"end":{"line":11,"column":1}},"line":1},"1":{"name":"(anonymous_1)","decl":{"start":{"line":3,"column":30},"end":{"line":3,"column":31}},"loc":{"start":{"line":3,"column":79},"end":{"line":9,"column":5}},"line":3}},"branchMap":{"0":{"loc":{"start":{"line":2,"column":2},"end":{"line":10,"column":3}},"type":"if","locations":[{"start":{"line":2,"column":2},"end":{"line":10,"column":3}},{"start":{},"end":{}}],"line":2},"1":{"loc":{"start":{"line":2,"column":6},"end":{"line":2,"column":52}},"type":"binary-expr","locations":[{"start":{"line":2,"column":6},"end":{"line":2,"column":17}},{"start":{"line":2,"column":21},"end":{"line":2,"column":52}}],"line":2}},"s":{"0":1,"1":1,"2":0,"3":0,"4":0,"5":0,"6":0,"7":0},"f":{"0":1,"1":0},"b":{"0":[0,1],"1":[1,1]},"_coverageSchema":"1a1c01bbd47fc00a2c39e90264f33305004495a9","hash":"ddd7419c0fdac9397c434d41d9e48fa6f88258a5"}
,"/Users/juanhernandez/Documents/Trabajo/Desarrollo/CheckSystem/check-system-front/src/components/AlertBox.jsx": {"path":"/Users/juanhernandez/Documents/Trabajo/Desarrollo/CheckSystem/check-system-front/src/components/AlertBox.jsx","statementMap":{"0":{"start":{"line":3,"column":17},"end":{"line":33,"column":1}},"1":{"start":{"line":4,"column":2},"end":{"line":17,"column":16}},"2":{"start":{"line":5,"column":22},"end":{"line":7,"column":12}},"3":{"start":{"line":6,"column":6},"end":{"line":6,"column":16}},"4":{"start":{"line":9,"column":23},"end":{"line":11,"column":12}},"5":{"start":{"line":10,"column":6},"end":{"line":10,"column":16}},"6":{"start":{"line":13,"column":4},"end":{"line":16,"column":6}},"7":{"start":{"line":14,"column":6},"end":{"line":14,"column":30}},"8":{"start":{"line":15,"column":6},"end":{"line":15,"column":31}},"9":{"start":{"line":19,"column":2},"end":{"line":32,"column":4}}},"fnMap":{"0":{"name":"(anonymous_0)","decl":{"start":{"line":3,"column":17},"end":{"line":3,"column":18}},"loc":{"start":{"line":3,"column":43},"end":{"line":33,"column":1}},"line":3},"1":{"name":"(anonymous_1)","decl":{"start":{"line":4,"column":12},"end":{"line":4,"column":13}},"loc":{"start":{"line":4,"column":18},"end":{"line":17,"column":3}},"line":4},"2":{"name":"(anonymous_2)","decl":{"start":{"line":5,"column":33},"end":{"line":5,"column":34}},"loc":{"start":{"line":5,"column":39},"end":{"line":7,"column":5}},"line":5},"3":{"name":"(anonymous_3)","decl":{"start":{"line":9,"column":34},"end":{"line":9,"column":35}},"loc":{"start":{"line":9,"column":40},"end":{"line":11,"column":5}},"line":9},"4":{"name":"(anonymous_4)","decl":{"start":{"line":13,"column":11},"end":{"line":13,"column":12}},"loc":{"start":{"line":13,"column":17},"end":{"line":16,"column":5}},"line":13}},"branchMap":{},"s":{"0":6,"1":2,"2":2,"3":0,"4":2,"5":0,"6":2,"7":2,"8":2,"9":2},"f":{"0":2,"1":2,"2":0,"3":0,"4":2},"b":{},"_coverageSchema":"1a1c01bbd47fc00a2c39e90264f33305004495a9","hash":"e6dde9973542b177c60ab4f06977f01013090f9e"}
,"/Users/juanhernandez/Documents/Trabajo/Desarrollo/CheckSystem/check-system-front/src/components/check.jsx": {"path":"/Users/juanhernandez/Documents/Trabajo/Desarrollo/CheckSystem/check-system-front/src/components/check.jsx","statementMap":{"0":{"start":{"line":6,"column":28},"end":{"line":6,"column":39}},"1":{"start":{"line":7,"column":28},"end":{"line":7,"column":39}},"2":{"start":{"line":9,"column":18},"end":{"line":13,"column":3}},"3":{"start":{"line":15,"column":20},"end":{"line":36,"column":5}},"4":{"start":{"line":16,"column":16},"end":{"line":16,"column":82}},"5":{"start":{"line":17,"column":4},"end":{"line":17,"column":15}},"6":{"start":{"line":18,"column":18},"end":{"line":18,"column":72}},"7":{"start":{"line":19,"column":4},"end":{"line":19,"column":28}},"8":{"start":{"line":20,"column":21},"end":{"line":29,"column":5}},"9":{"start":{"line":30,"column":4},"end":{"line":35,"column":5}},"10":{"start":{"line":31,"column":6},"end":{"line":31,"column":20}},"11":{"start":{"line":34,"column":6},"end":{"line":34,"column":68}},"12":{"start":{"line":38,"column":2},"end":{"line":41,"column":9}},"13":{"start":{"line":39,"column":4},"end":{"line":39,"column":16}},"14":{"start":{"line":42,"column":2},"end":{"line":49,"column":4}}},"fnMap":{"0":{"name":"Check","decl":{"start":{"line":5,"column":9},"end":{"line":5,"column":14}},"loc":{"start":{"line":5,"column":22},"end":{"line":50,"column":1}},"line":5},"1":{"name":"(anonymous_1)","decl":{"start":{"line":15,"column":20},"end":{"line":15,"column":21}},"loc":{"start":{"line":15,"column":32},"end":{"line":36,"column":5}},"line":15},"2":{"name":"(anonymous_2)","decl":{"start":{"line":38,"column":12},"end":{"line":38,"column":13}},"loc":{"start":{"line":38,"column":18},"end":{"line":41,"column":3}},"line":38}},"branchMap":{"0":{"loc":{"start":{"line":30,"column":4},"end":{"line":35,"column":5}},"type":"if","locations":[{"start":{"line":30,"column":4},"end":{"line":35,"column":5}},{"start":{"line":33,"column":8},"end":{"line":35,"column":5}}],"line":30},"1":{"loc":{"start":{"line":30,"column":8},"end":{"line":30,"column":51}},"type":"binary-expr","locations":[{"start":{"line":30,"column":8},"end":{"line":30,"column":30}},{"start":{"line":30,"column":34},"end":{"line":30,"column":51}}],"line":30}},"s":{"0":3,"1":2,"2":2,"3":2,"4":1,"5":1,"6":1,"7":1,"8":1,"9":1,"10":1,"11":0,"12":2,"13":1,"14":2},"f":{"0":3,"1":1,"2":1},"b":{"0":[1,0],"1":[1,0]},"_coverageSchema":"1a1c01bbd47fc00a2c39e90264f33305004495a9","hash":"a25efb77cb93441464d2337d8c016b2dd6b2f5f7"}
,"/Users/juanhernandez/Documents/Trabajo/Desarrollo/CheckSystem/check-system-front/src/components/checkgen.jsx": {"path":"/Users/juanhernandez/Documents/Trabajo/Desarrollo/CheckSystem/check-system-front/src/components/checkgen.jsx","statementMap":{"0":{"start":{"line":4,"column":2},"end":{"line":11,"column":4}}},"fnMap":{"0":{"name":"Checkgen","decl":{"start":{"line":3,"column":9},"end":{"line":3,"column":17}},"loc":{"start":{"line":3,"column":25},"end":{"line":12,"column":1}},"line":3}},"branchMap":{},"s":{"0":1},"f":{"0":1},"b":{},"_coverageSchema":"1a1c01bbd47fc00a2c39e90264f33305004495a9","hash":"26a0dabb01d0eeb033590a5a37f7446ef2922cf3"}
,"/Users/juanhernandez/Documents/Trabajo/Desarrollo/CheckSystem/check-system-front/src/components/clients.jsx": {"path":"/Users/juanhernandez/Documents/Trabajo/Desarrollo/CheckSystem/check-system-front/src/components/clients.jsx","statementMap":{"0":{"start":{"line":7,"column":34},"end":{"line":7,"column":49}},"1":{"start":{"line":8,"column":21},"end":{"line":11,"column":3}},"2":{"start":{"line":9,"column":4},"end":{"line":9,"column":27}},"3":{"start":{"line":10,"column":4},"end":{"line":10,"column":15}},"4":{"start":{"line":12,"column":2},"end":{"line":63,"column":4}}},"fnMap":{"0":{"name":"Clients","decl":{"start":{"line":6,"column":9},"end":{"line":6,"column":16}},"loc":{"start":{"line":6,"column":62},"end":{"line":64,"column":1}},"line":6},"1":{"name":"(anonymous_1)","decl":{"start":{"line":8,"column":21},"end":{"line":8,"column":22}},"loc":{"start":{"line":8,"column":27},"end":{"line":11,"column":3}},"line":8}},"branchMap":{"0":{"loc":{"start":{"line":14,"column":7},"end":{"line":38,"column":7}},"type":"binary-expr","locations":[{"start":{"line":14,"column":7},"end":{"line":14,"column":15}},{"start":{"line":15,"column":8},"end":{"line":37,"column":12}}],"line":14}},"s":{"0":2,"1":2,"2":0,"3":0,"4":2},"f":{"0":2,"1":0},"b":{"0":[2,0]},"_coverageSchema":"1a1c01bbd47fc00a2c39e90264f33305004495a9","hash":"37604a5a411fed5d48c33b7a87a20807e7e56c8a"}
,"/Users/juanhernandez/Documents/Trabajo/Desarrollo/CheckSystem/check-system-front/src/components/menu.jsx": {"path":"/Users/juanhernandez/Documents/Trabajo/Desarrollo/CheckSystem/check-system-front/src/components/menu.jsx","statementMap":{"0":{"start":{"line":7,"column":26},"end":{"line":7,"column":38}},"1":{"start":{"line":8,"column":18},"end":{"line":12,"column":3}},"2":{"start":{"line":14,"column":18},"end":{"line":26,"column":3}},"3":{"start":{"line":15,"column":16},"end":{"line":15,"column":74}},"4":{"start":{"line":16,"column":4},"end":{"line":25,"column":9}},"5":{"start":{"line":21,"column":8},"end":{"line":21,"column":38}},"6":{"start":{"line":24,"column":8},"end":{"line":24,"column":46}},"7":{"start":{"line":28,"column":2},"end":{"line":31,"column":9}},"8":{"start":{"line":29,"column":4},"end":{"line":29,"column":14}},"9":{"start":{"line":32,"column":2},"end":{"line":46,"column":4}},"10":{"start":{"line":35,"column":8},"end":{"line":43,"column":13}}},"fnMap":{"0":{"name":"Menu","decl":{"start":{"line":6,"column":9},"end":{"line":6,"column":13}},"loc":{"start":{"line":6,"column":21},"end":{"line":47,"column":1}},"line":6},"1":{"name":"(anonymous_1)","decl":{"start":{"line":14,"column":18},"end":{"line":14,"column":19}},"loc":{"start":{"line":14,"column":30},"end":{"line":26,"column":3}},"line":14},"2":{"name":"(anonymous_2)","decl":{"start":{"line":20,"column":12},"end":{"line":20,"column":13}},"loc":{"start":{"line":20,"column":21},"end":{"line":22,"column":7}},"line":20},"3":{"name":"(anonymous_3)","decl":{"start":{"line":23,"column":13},"end":{"line":23,"column":14}},"loc":{"start":{"line":23,"column":22},"end":{"line":25,"column":7}},"line":23},"4":{"name":"(anonymous_4)","decl":{"start":{"line":28,"column":12},"end":{"line":28,"column":13}},"loc":{"start":{"line":28,"column":18},"end":{"line":31,"column":3}},"line":28},"5":{"name":"(anonymous_5)","decl":{"start":{"line":34,"column":16},"end":{"line":34,"column":17}},"loc":{"start":{"line":35,"column":8},"end":{"line":43,"column":13}},"line":35}},"branchMap":{},"s":{"0":1,"1":1,"2":1,"3":1,"4":1,"5":0,"6":0,"7":1,"8":1,"9":1,"10":0},"f":{"0":1,"1":1,"2":0,"3":0,"4":1,"5":0},"b":{},"_coverageSchema":"1a1c01bbd47fc00a2c39e90264f33305004495a9","hash":"4949a6cf28b237b64785505132547a8cb2abcebd"}
,"/Users/juanhernandez/Documents/Trabajo/Desarrollo/CheckSystem/check-system-front/src/components/menu_comp.jsx": {"path":"/Users/juanhernandez/Documents/Trabajo/Desarrollo/CheckSystem/check-system-front/src/components/menu_comp.jsx","statementMap":{"0":{"start":{"line":9,"column":40},"end":{"line":9,"column":55}},"1":{"start":{"line":10,"column":18},"end":{"line":14,"column":3}},"2":{"start":{"line":16,"column":27},"end":{"line":34,"column":3}},"3":{"start":{"line":17,"column":4},"end":{"line":33,"column":5}},"4":{"start":{"line":18,"column":23},"end":{"line":27,"column":7}},"5":{"start":{"line":29,"column":8},"end":{"line":29,"column":79}},"6":{"start":{"line":30,"column":6},"end":{"line":30,"column":23}},"7":{"start":{"line":32,"column":6},"end":{"line":32,"column":46}},"8":{"start":{"line":35,"column":22},"end":{"line":78,"column":3}},"9":{"start":{"line":36,"column":19},"end":{"line":36,"column":59}},"10":{"start":{"line":37,"column":17},"end":{"line":37,"column":57}},"11":{"start":{"line":38,"column":16},"end":{"line":38,"column":89}},"12":{"start":{"line":39,"column":4},"end":{"line":51,"column":9}},"13":{"start":{"line":44,"column":8},"end":{"line":47,"column":10}},"14":{"start":{"line":50,"column":8},"end":{"line":50,"column":46}},"15":{"start":{"line":52,"column":17},"end":{"line":52,"column":92}},"16":{"start":{"line":53,"column":4},"end":{"line":65,"column":9}},"17":{"start":{"line":58,"column":8},"end":{"line":61,"column":10}},"18":{"start":{"line":64,"column":8},"end":{"line":64,"column":46}},"19":{"start":{"line":66,"column":4},"end":{"line":76,"column":6}},"20":{"start":{"line":77,"column":4},"end":{"line":77,"column":18}},"21":{"start":{"line":79,"column":20},"end":{"line":82,"column":3}},"22":{"start":{"line":81,"column":4},"end":{"line":81,"column":33}},"23":{"start":{"line":84,"column":2},"end":{"line":99,"column":4}},"24":{"start":{"line":89,"column":23},"end":{"line":89,"column":49}}},"fnMap":{"0":{"name":"Menucomp","decl":{"start":{"line":8,"column":9},"end":{"line":8,"column":17}},"loc":{"start":{"line":8,"column":25},"end":{"line":100,"column":1}},"line":8},"1":{"name":"(anonymous_1)","decl":{"start":{"line":16,"column":27},"end":{"line":16,"column":28}},"loc":{"start":{"line":16,"column":48},"end":{"line":34,"column":3}},"line":16},"2":{"name":"(anonymous_2)","decl":{"start":{"line":35,"column":22},"end":{"line":35,"column":23}},"loc":{"start":{"line":35,"column":39},"end":{"line":78,"column":3}},"line":35},"3":{"name":"(anonymous_3)","decl":{"start":{"line":43,"column":12},"end":{"line":43,"column":13}},"loc":{"start":{"line":43,"column":21},"end":{"line":48,"column":7}},"line":43},"4":{"name":"(anonymous_4)","decl":{"start":{"line":49,"column":13},"end":{"line":49,"column":14}},"loc":{"start":{"line":49,"column":22},"end":{"line":51,"column":7}},"line":49},"5":{"name":"(anonymous_5)","decl":{"start":{"line":57,"column":12},"end":{"line":57,"column":13}},"loc":{"start":{"line":57,"column":21},"end":{"line":62,"column":7}},"line":57},"6":{"name":"(anonymous_6)","decl":{"start":{"line":63,"column":13},"end":{"line":63,"column":14}},"loc":{"start":{"line":63,"column":22},"end":{"line":65,"column":7}},"line":63},"7":{"name":"(anonymous_7)","decl":{"start":{"line":79,"column":20},"end":{"line":79,"column":21}},"loc":{"start":{"line":80,"column":2},"end":{"line":82,"column":3}},"line":80},"8":{"name":"(anonymous_8)","decl":{"start":{"line":89,"column":17},"end":{"line":89,"column":18}},"loc":{"start":{"line":89,"column":23},"end":{"line":89,"column":49}},"line":89}},"branchMap":{"0":{"loc":{"start":{"line":94,"column":7},"end":{"line":97,"column":10}},"type":"binary-expr","locations":[{"start":{"line":94,"column":7},"end":{"line":94,"column":18}},{"start":{"line":94,"column":23},"end":{"line":97,"column":10}}],"line":94}},"s":{"0":3,"1":3,"2":3,"3":2,"4":2,"5":2,"6":1,"7":1,"8":3,"9":1,"10":1,"11":1,"12":1,"13":1,"14":0,"15":1,"16":1,"17":1,"18":0,"19":1,"20":1,"21":3,"22":1,"23":3,"24":2},"f":{"0":3,"1":2,"2":1,"3":1,"4":0,"5":1,"6":0,"7":1,"8":2},"b":{"0":[3,1]},"_coverageSchema":"1a1c01bbd47fc00a2c39e90264f33305004495a9","hash":"6f3db1907dc5dd22a274eb44843c8a1bfb45a230"}
,"/Users/juanhernandez/Documents/Trabajo/Desarrollo/CheckSystem/check-system-front/src/components/table.jsx": {"path":"/Users/juanhernandez/Documents/Trabajo/Desarrollo/CheckSystem/check-system-front/src/components/table.jsx","statementMap":{"0":{"start":{"line":2,"column":2},"end":{"line":28,"column":4}}},"fnMap":{"0":{"name":"Table","decl":{"start":{"line":1,"column":9},"end":{"line":1,"column":14}},"loc":{"start":{"line":1,"column":22},"end":{"line":29,"column":1}},"line":1}},"branchMap":{},"s":{"0":5},"f":{"0":5},"b":{},"_coverageSchema":"1a1c01bbd47fc00a2c39e90264f33305004495a9","hash":"2a5501300e4feb025e1a473c6bd2e72547f291fd"}
,"/Users/juanhernandez/Documents/Trabajo/Desarrollo/CheckSystem/check-system-front/src/pages/nav.jsx": {"path":"/Users/juanhernandez/Documents/Trabajo/Desarrollo/CheckSystem/check-system-front/src/pages/nav.jsx","statementMap":{"0":{"start":{"line":4,"column":2},"end":{"line":16,"column":4}}},"fnMap":{"0":{"name":"Nav","decl":{"start":{"line":3,"column":24},"end":{"line":3,"column":27}},"loc":{"start":{"line":3,"column":30},"end":{"line":17,"column":1}},"line":3}},"branchMap":{},"s":{"0":2},"f":{"0":2},"b":{},"_coverageSchema":"1a1c01bbd47fc00a2c39e90264f33305004495a9","hash":"d3357ef044b769c946968c4db189b8c100a8d740"}
,"/Users/juanhernandez/Documents/Trabajo/Desarrollo/CheckSystem/check-system-front/src/pages/table_page.jsx": {"path":"/Users/juanhernandez/Documents/Trabajo/Desarrollo/CheckSystem/check-system-front/src/pages/table_page.jsx","statementMap":{"0":{"start":{"line":10,"column":22},"end":{"line":10,"column":33}},"1":{"start":{"line":11,"column":24},"end":{"line":11,"column":35}},"2":{"start":{"line":12,"column":32},"end":{"line":12,"column":47}},"3":{"start":{"line":13,"column":38},"end":{"line":13,"column":53}},"4":{"start":{"line":14,"column":36},"end":{"line":14,"column":51}},"5":{"start":{"line":15,"column":31},"end":{"line":15,"column":43}},"6":{"start":{"line":16,"column":30},"end":{"line":16,"column":42}},"7":{"start":{"line":18,"column":18},"end":{"line":22,"column":3}},"8":{"start":{"line":24,"column":19},"end":{"line":36,"column":3}},"9":{"start":{"line":25,"column":16},"end":{"line":25,"column":82}},"10":{"start":{"line":26,"column":4},"end":{"line":35,"column":9}},"11":{"start":{"line":31,"column":8},"end":{"line":31,"column":53}},"12":{"start":{"line":34,"column":8},"end":{"line":34,"column":46}},"13":{"start":{"line":38,"column":27},"end":{"line":60,"column":3}},"14":{"start":{"line":39,"column":4},"end":{"line":39,"column":23}},"15":{"start":{"line":40,"column":17},"end":{"line":40,"column":47}},"16":{"start":{"line":41,"column":4},"end":{"line":43,"column":5}},"17":{"start":{"line":42,"column":6},"end":{"line":42,"column":24}},"18":{"start":{"line":44,"column":4},"end":{"line":57,"column":5}},"19":{"start":{"line":45,"column":6},"end":{"line":54,"column":8}},"20":{"start":{"line":56,"column":6},"end":{"line":56,"column":25}},"21":{"start":{"line":58,"column":4},"end":{"line":58,"column":19}},"22":{"start":{"line":59,"column":4},"end":{"line":59,"column":15}},"23":{"start":{"line":61,"column":28},"end":{"line":99,"column":3}},"24":{"start":{"line":62,"column":4},"end":{"line":62,"column":23}},"25":{"start":{"line":63,"column":20},"end":{"line":63,"column":57}},"26":{"start":{"line":64,"column":4},"end":{"line":64,"column":20}},"27":{"start":{"line":65,"column":19},"end":{"line":65,"column":20}},"28":{"start":{"line":66,"column":16},"end":{"line":66,"column":82}},"29":{"start":{"line":67,"column":4},"end":{"line":79,"column":9}},"30":{"start":{"line":72,"column":8},"end":{"line":75,"column":10}},"31":{"start":{"line":78,"column":8},"end":{"line":78,"column":46}},"32":{"start":{"line":80,"column":19},"end":{"line":80,"column":45}},"33":{"start":{"line":81,"column":21},"end":{"line":81,"column":38}},"34":{"start":{"line":83,"column":21},"end":{"line":93,"column":5}},"35":{"start":{"line":94,"column":4},"end":{"line":94,"column":60}},"36":{"start":{"line":95,"column":4},"end":{"line":95,"column":57}},"37":{"start":{"line":96,"column":4},"end":{"line":96,"column":15}},"38":{"start":{"line":97,"column":4},"end":{"line":97,"column":16}},"39":{"start":{"line":98,"column":4},"end":{"line":98,"column":18}},"40":{"start":{"line":100,"column":20},"end":{"line":102,"column":3}},"41":{"start":{"line":101,"column":4},"end":{"line":101,"column":25}},"42":{"start":{"line":103,"column":23},"end":{"line":105,"column":3}},"43":{"start":{"line":104,"column":4},"end":{"line":104,"column":31}},"44":{"start":{"line":106,"column":22},"end":{"line":108,"column":3}},"45":{"start":{"line":107,"column":4},"end":{"line":107,"column":29}},"46":{"start":{"line":109,"column":27},"end":{"line":112,"column":5}},"47":{"start":{"line":110,"column":4},"end":{"line":110,"column":29}},"48":{"start":{"line":111,"column":4},"end":{"line":111,"column":31}},"49":{"start":{"line":114,"column":2},"end":{"line":117,"column":9}},"50":{"start":{"line":115,"column":4},"end":{"line":115,"column":15}},"51":{"start":{"line":119,"column":2},"end":{"line":307,"column":4}},"52":{"start":{"line":135,"column":16},"end":{"line":144,"column":21}},"53":{"start":{"line":235,"column":12},"end":{"line":245,"column":17}}},"fnMap":{"0":{"name":"Tablepage","decl":{"start":{"line":9,"column":9},"end":{"line":9,"column":18}},"loc":{"start":{"line":9,"column":21},"end":{"line":308,"column":1}},"line":9},"1":{"name":"(anonymous_1)","decl":{"start":{"line":24,"column":19},"end":{"line":24,"column":20}},"loc":{"start":{"line":24,"column":31},"end":{"line":36,"column":3}},"line":24},"2":{"name":"(anonymous_2)","decl":{"start":{"line":30,"column":12},"end":{"line":30,"column":13}},"loc":{"start":{"line":30,"column":21},"end":{"line":32,"column":7}},"line":30},"3":{"name":"(anonymous_3)","decl":{"start":{"line":33,"column":13},"end":{"line":33,"column":14}},"loc":{"start":{"line":33,"column":22},"end":{"line":35,"column":7}},"line":33},"4":{"name":"(anonymous_4)","decl":{"start":{"line":38,"column":27},"end":{"line":38,"column":28}},"loc":{"start":{"line":38,"column":40},"end":{"line":60,"column":3}},"line":38},"5":{"name":"(anonymous_5)","decl":{"start":{"line":61,"column":28},"end":{"line":61,"column":29}},"loc":{"start":{"line":61,"column":41},"end":{"line":99,"column":3}},"line":61},"6":{"name":"(anonymous_6)","decl":{"start":{"line":71,"column":12},"end":{"line":71,"column":13}},"loc":{"start":{"line":71,"column":21},"end":{"line":76,"column":7}},"line":71},"7":{"name":"(anonymous_7)","decl":{"start":{"line":77,"column":13},"end":{"line":77,"column":14}},"loc":{"start":{"line":77,"column":22},"end":{"line":79,"column":7}},"line":77},"8":{"name":"(anonymous_8)","decl":{"start":{"line":100,"column":20},"end":{"line":100,"column":21}},"loc":{"start":{"line":100,"column":26},"end":{"line":102,"column":3}},"line":100},"9":{"name":"(anonymous_9)","decl":{"start":{"line":103,"column":23},"end":{"line":103,"column":24}},"loc":{"start":{"line":103,"column":29},"end":{"line":105,"column":3}},"line":103},"10":{"name":"(anonymous_10)","decl":{"start":{"line":106,"column":22},"end":{"line":106,"column":23}},"loc":{"start":{"line":106,"column":28},"end":{"line":108,"column":3}},"line":106},"11":{"name":"(anonymous_11)","decl":{"start":{"line":109,"column":27},"end":{"line":109,"column":28}},"loc":{"start":{"line":109,"column":33},"end":{"line":112,"column":5}},"line":109},"12":{"name":"(anonymous_12)","decl":{"start":{"line":114,"column":12},"end":{"line":114,"column":13}},"loc":{"start":{"line":114,"column":18},"end":{"line":117,"column":3}},"line":114},"13":{"name":"(anonymous_13)","decl":{"start":{"line":134,"column":27},"end":{"line":134,"column":28}},"loc":{"start":{"line":135,"column":16},"end":{"line":144,"column":21}},"line":135},"14":{"name":"(anonymous_14)","decl":{"start":{"line":234,"column":23},"end":{"line":234,"column":24}},"loc":{"start":{"line":235,"column":12},"end":{"line":245,"column":17}},"line":235}},"branchMap":{"0":{"loc":{"start":{"line":41,"column":4},"end":{"line":43,"column":5}},"type":"if","locations":[{"start":{"line":41,"column":4},"end":{"line":43,"column":5}},{"start":{},"end":{}}],"line":41},"1":{"loc":{"start":{"line":41,"column":8},"end":{"line":41,"column":40}},"type":"binary-expr","locations":[{"start":{"line":41,"column":8},"end":{"line":41,"column":21}},{"start":{"line":41,"column":25},"end":{"line":41,"column":40}}],"line":41},"2":{"loc":{"start":{"line":121,"column":7},"end":{"line":159,"column":7}},"type":"binary-expr","locations":[{"start":{"line":121,"column":7},"end":{"line":121,"column":16}},{"start":{"line":122,"column":8},"end":{"line":158,"column":12}}],"line":121},"3":{"loc":{"start":{"line":160,"column":7},"end":{"line":195,"column":7}},"type":"binary-expr","locations":[{"start":{"line":160,"column":7},"end":{"line":160,"column":14}},{"start":{"line":161,"column":8},"end":{"line":194,"column":14}}],"line":160},"4":{"loc":{"start":{"line":196,"column":7},"end":{"line":231,"column":7}},"type":"binary-expr","locations":[{"start":{"line":196,"column":7},"end":{"line":196,"column":17}},{"start":{"line":197,"column":8},"end":{"line":230,"column":14}}],"line":196}},"s":{"0":4,"1":3,"2":3,"3":3,"4":3,"5":3,"6":3,"7":3,"8":3,"9":2,"10":2,"11":2,"12":0,"13":3,"14":0,"15":0,"16":0,"17":0,"18":0,"19":0,"20":0,"21":0,"22":0,"23":3,"24":0,"25":0,"26":0,"27":0,"28":0,"29":0,"30":0,"31":0,"32":0,"33":0,"34":0,"35":0,"36":0,"37":0,"38":0,"39":0,"40":3,"41":0,"42":3,"43":0,"44":3,"45":0,"46":3,"47":0,"48":0,"49":3,"50":2,"51":3,"52":0,"53":1},"f":{"0":4,"1":2,"2":2,"3":0,"4":0,"5":0,"6":0,"7":0,"8":0,"9":0,"10":0,"11":0,"12":2,"13":0,"14":1},"b":{"0":[0,0],"1":[0,0],"2":[3,0],"3":[3,0],"4":[3,0]},"_coverageSchema":"1a1c01bbd47fc00a2c39e90264f33305004495a9","hash":"c96f56a8de2886cb79de8a4d92897e9a95942eae"}
,"/Users/juanhernandez/Documents/Trabajo/Desarrollo/CheckSystem/check-system-front/src/pages/tables_page.jsx": {"path":"/Users/juanhernandez/Documents/Trabajo/Desarrollo/CheckSystem/check-system-front/src/pages/tables_page.jsx","statementMap":{"0":{"start":{"line":7,"column":24},"end":{"line":7,"column":36}},"1":{"start":{"line":8,"column":30},"end":{"line":8,"column":42}},"2":{"start":{"line":9,"column":34},"end":{"line":9,"column":49}},"3":{"start":{"line":10,"column":18},"end":{"line":14,"column":3}},"4":{"start":{"line":16,"column":20},"end":{"line":29,"column":3}},"5":{"start":{"line":17,"column":16},"end":{"line":17,"column":72}},"6":{"start":{"line":18,"column":4},"end":{"line":28,"column":9}},"7":{"start":{"line":23,"column":8},"end":{"line":23,"column":37}},"8":{"start":{"line":24,"column":8},"end":{"line":24,"column":34}},"9":{"start":{"line":27,"column":8},"end":{"line":27,"column":46}},"10":{"start":{"line":30,"column":2},"end":{"line":33,"column":9}},"11":{"start":{"line":31,"column":4},"end":{"line":31,"column":16}},"12":{"start":{"line":34,"column":24},"end":{"line":39,"column":3}},"13":{"start":{"line":35,"column":4},"end":{"line":38,"column":5}},"14":{"start":{"line":36,"column":6},"end":{"line":36,"column":29}},"15":{"start":{"line":37,"column":6},"end":{"line":37,"column":26}},"16":{"start":{"line":40,"column":23},"end":{"line":48,"column":3}},"17":{"start":{"line":41,"column":4},"end":{"line":41,"column":23}},"18":{"start":{"line":42,"column":17},"end":{"line":42,"column":31}},"19":{"start":{"line":43,"column":4},"end":{"line":47,"column":5}},"20":{"start":{"line":44,"column":6},"end":{"line":44,"column":21}},"21":{"start":{"line":46,"column":6},"end":{"line":46,"column":75}},"22":{"start":{"line":46,"column":40},"end":{"line":46,"column":72}},"23":{"start":{"line":49,"column":21},"end":{"line":51,"column":3}},"24":{"start":{"line":50,"column":4},"end":{"line":50,"column":27}},"25":{"start":{"line":52,"column":22},"end":{"line":69,"column":3}},"26":{"start":{"line":53,"column":4},"end":{"line":53,"column":23}},"27":{"start":{"line":54,"column":4},"end":{"line":66,"column":5}},"28":{"start":{"line":55,"column":6},"end":{"line":63,"column":8}},"29":{"start":{"line":65,"column":6},"end":{"line":65,"column":25}},"30":{"start":{"line":67,"column":4},"end":{"line":67,"column":16}},"31":{"start":{"line":68,"column":4},"end":{"line":68,"column":17}},"32":{"start":{"line":71,"column":2},"end":{"line":166,"column":4}},"33":{"start":{"line":135,"column":28},"end":{"line":135,"column":48}},"34":{"start":{"line":137,"column":12},"end":{"line":145,"column":17}}},"fnMap":{"0":{"name":"Tablespage","decl":{"start":{"line":6,"column":9},"end":{"line":6,"column":19}},"loc":{"start":{"line":6,"column":22},"end":{"line":167,"column":1}},"line":6},"1":{"name":"(anonymous_1)","decl":{"start":{"line":16,"column":20},"end":{"line":16,"column":21}},"loc":{"start":{"line":16,"column":32},"end":{"line":29,"column":3}},"line":16},"2":{"name":"(anonymous_2)","decl":{"start":{"line":22,"column":12},"end":{"line":22,"column":13}},"loc":{"start":{"line":22,"column":21},"end":{"line":25,"column":7}},"line":22},"3":{"name":"(anonymous_3)","decl":{"start":{"line":26,"column":13},"end":{"line":26,"column":14}},"loc":{"start":{"line":26,"column":22},"end":{"line":28,"column":7}},"line":26},"4":{"name":"(anonymous_4)","decl":{"start":{"line":30,"column":12},"end":{"line":30,"column":13}},"loc":{"start":{"line":30,"column":18},"end":{"line":33,"column":3}},"line":30},"5":{"name":"(anonymous_5)","decl":{"start":{"line":34,"column":24},"end":{"line":34,"column":25}},"loc":{"start":{"line":34,"column":35},"end":{"line":39,"column":3}},"line":34},"6":{"name":"(anonymous_6)","decl":{"start":{"line":40,"column":23},"end":{"line":40,"column":24}},"loc":{"start":{"line":40,"column":36},"end":{"line":48,"column":3}},"line":40},"7":{"name":"(anonymous_7)","decl":{"start":{"line":46,"column":30},"end":{"line":46,"column":31}},"loc":{"start":{"line":46,"column":40},"end":{"line":46,"column":72}},"line":46},"8":{"name":"(anonymous_8)","decl":{"start":{"line":49,"column":21},"end":{"line":49,"column":22}},"loc":{"start":{"line":49,"column":27},"end":{"line":51,"column":3}},"line":49},"9":{"name":"(anonymous_9)","decl":{"start":{"line":52,"column":22},"end":{"line":52,"column":23}},"loc":{"start":{"line":52,"column":35},"end":{"line":69,"column":3}},"line":52},"10":{"name":"(anonymous_10)","decl":{"start":{"line":135,"column":18},"end":{"line":135,"column":19}},"loc":{"start":{"line":135,"column":28},"end":{"line":135,"column":48}},"line":135},"11":{"name":"(anonymous_11)","decl":{"start":{"line":136,"column":15},"end":{"line":136,"column":16}},"loc":{"start":{"line":137,"column":12},"end":{"line":145,"column":17}},"line":137}},"branchMap":{"0":{"loc":{"start":{"line":35,"column":4},"end":{"line":38,"column":5}},"type":"if","locations":[{"start":{"line":35,"column":4},"end":{"line":38,"column":5}},{"start":{},"end":{}}],"line":35},"1":{"loc":{"start":{"line":43,"column":4},"end":{"line":47,"column":5}},"type":"if","locations":[{"start":{"line":43,"column":4},"end":{"line":47,"column":5}},{"start":{"line":45,"column":11},"end":{"line":47,"column":5}}],"line":43},"2":{"loc":{"start":{"line":97,"column":7},"end":{"line":132,"column":7}},"type":"binary-expr","locations":[{"start":{"line":97,"column":7},"end":{"line":97,"column":15}},{"start":{"line":98,"column":8},"end":{"line":131,"column":14}}],"line":97}},"s":{"0":11,"1":11,"2":11,"3":11,"4":11,"5":6,"6":6,"7":5,"8":5,"9":0,"10":11,"11":5,"12":11,"13":0,"14":0,"15":0,"16":11,"17":0,"18":0,"19":0,"20":0,"21":0,"22":0,"23":11,"24":3,"25":11,"26":1,"27":1,"28":1,"29":0,"30":1,"31":1,"32":11,"33":4,"34":4},"f":{"0":11,"1":6,"2":5,"3":0,"4":5,"5":0,"6":0,"7":0,"8":3,"9":1,"10":4,"11":4},"b":{"0":[0,0],"1":[0,0],"2":[11,2]},"_coverageSchema":"1a1c01bbd47fc00a2c39e90264f33305004495a9","hash":"e9aaee009571c0a1120cced7f61cf790e1c7979d"}
}
