TN:
SF:src/App.js
FN:7,App
FNF:1
FNH:1
FNDA:1,App
DA:8,1
LF:1
LH:1
BRF:0
BRH:0
end_of_record
TN:
SF:src/index.js
FNF:0
FNH:0
DA:9,0
DA:19,0
DA:20,0
DA:25,0
LF:4
LH:0
BRF:0
BRH:0
end_of_record
TN:
SF:src/reportWebVitals.js
FN:1,(anonymous_0)
FN:3,(anonymous_1)
FNF:2
FNH:1
FNDA:1,(anonymous_0)
FNDA:0,(anonymous_1)
DA:1,1
DA:2,1
DA:3,0
DA:4,0
DA:5,0
DA:6,0
DA:7,0
DA:8,0
LF:8
LH:2
BRDA:2,0,0,0
BRDA:2,0,1,1
BRDA:2,1,0,1
BRDA:2,1,1,1
BRF:4
BRH:3
end_of_record
TN:
SF:src/components/AlertBox.jsx
FN:3,(anonymous_0)
FN:4,(anonymous_1)
FN:5,(anonymous_2)
FN:9,(anonymous_3)
FN:13,(anonymous_4)
FNF:5
FNH:3
FNDA:2,(anonymous_0)
FNDA:2,(anonymous_1)
FNDA:0,(anonymous_2)
FNDA:0,(anonymous_3)
FNDA:2,(anonymous_4)
DA:3,6
DA:4,2
DA:5,2
DA:6,0
DA:9,2
DA:10,0
DA:13,2
DA:14,2
DA:15,2
DA:19,2
LF:10
LH:8
BRF:0
BRH:0
end_of_record
TN:
SF:src/components/check.jsx
FN:5,Check
FN:15,(anonymous_1)
FN:38,(anonymous_2)
FNF:3
FNH:3
FNDA:3,Check
FNDA:1,(anonymous_1)
FNDA:1,(anonymous_2)
DA:6,3
DA:7,2
DA:9,2
DA:15,2
DA:16,1
DA:17,1
DA:18,1
DA:19,1
DA:20,1
DA:30,1
DA:31,1
DA:34,0
DA:38,2
DA:39,1
DA:42,2
LF:15
LH:14
BRDA:30,0,0,1
BRDA:30,0,1,0
BRDA:30,1,0,1
BRDA:30,1,1,0
BRF:4
BRH:2
end_of_record
TN:
SF:src/components/checkgen.jsx
FN:3,Checkgen
FNF:1
FNH:1
FNDA:1,Checkgen
DA:4,1
LF:1
LH:1
BRF:0
BRH:0
end_of_record
TN:
SF:src/components/clients.jsx
FN:6,Clients
FN:8,(anonymous_1)
FNF:2
FNH:1
FNDA:2,Clients
FNDA:0,(anonymous_1)
DA:7,2
DA:8,2
DA:9,0
DA:10,0
DA:12,2
LF:5
LH:3
BRDA:14,0,0,2
BRDA:14,0,1,0
BRF:2
BRH:1
end_of_record
TN:
SF:src/components/menu.jsx
FN:6,Menu
FN:14,(anonymous_1)
FN:20,(anonymous_2)
FN:23,(anonymous_3)
FN:28,(anonymous_4)
FN:34,(anonymous_5)
FNF:6
FNH:3
FNDA:1,Menu
FNDA:1,(anonymous_1)
FNDA:0,(anonymous_2)
FNDA:0,(anonymous_3)
FNDA:1,(anonymous_4)
FNDA:0,(anonymous_5)
DA:7,1
DA:8,1
DA:14,1
DA:15,1
DA:16,1
DA:21,0
DA:24,0
DA:28,1
DA:29,1
DA:32,1
DA:35,0
LF:11
LH:8
BRF:0
BRH:0
end_of_record
TN:
SF:src/components/menu_comp.jsx
FN:8,Menucomp
FN:16,(anonymous_1)
FN:35,(anonymous_2)
FN:43,(anonymous_3)
FN:49,(anonymous_4)
FN:57,(anonymous_5)
FN:63,(anonymous_6)
FN:79,(anonymous_7)
FN:89,(anonymous_8)
FNF:9
FNH:7
FNDA:3,Menucomp
FNDA:2,(anonymous_1)
FNDA:1,(anonymous_2)
FNDA:1,(anonymous_3)
FNDA:0,(anonymous_4)
FNDA:1,(anonymous_5)
FNDA:0,(anonymous_6)
FNDA:1,(anonymous_7)
FNDA:2,(anonymous_8)
DA:9,3
DA:10,3
DA:16,3
DA:17,2
DA:18,2
DA:29,2
DA:30,1
DA:32,1
DA:35,3
DA:36,1
DA:37,1
DA:38,1
DA:39,1
DA:44,1
DA:50,0
DA:52,1
DA:53,1
DA:58,1
DA:64,0
DA:66,1
DA:77,1
DA:79,3
DA:81,1
DA:84,3
DA:89,2
LF:25
LH:23
BRDA:94,0,0,3
BRDA:94,0,1,1
BRF:2
BRH:2
end_of_record
TN:
SF:src/components/table.jsx
FN:1,Table
FNF:1
FNH:1
FNDA:5,Table
DA:2,5
LF:1
LH:1
BRF:0
BRH:0
end_of_record
TN:
SF:src/pages/nav.jsx
FN:3,Nav
FNF:1
FNH:1
FNDA:2,Nav
DA:4,2
LF:1
LH:1
BRF:0
BRH:0
end_of_record
TN:
SF:src/pages/table_page.jsx
FN:9,Tablepage
FN:24,(anonymous_1)
FN:30,(anonymous_2)
FN:33,(anonymous_3)
FN:38,(anonymous_4)
FN:61,(anonymous_5)
FN:71,(anonymous_6)
FN:77,(anonymous_7)
FN:100,(anonymous_8)
FN:103,(anonymous_9)
FN:106,(anonymous_10)
FN:109,(anonymous_11)
FN:114,(anonymous_12)
FN:134,(anonymous_13)
FN:234,(anonymous_14)
FNF:15
FNH:5
FNDA:4,Tablepage
FNDA:2,(anonymous_1)
FNDA:2,(anonymous_2)
FNDA:0,(anonymous_3)
FNDA:0,(anonymous_4)
FNDA:0,(anonymous_5)
FNDA:0,(anonymous_6)
FNDA:0,(anonymous_7)
FNDA:0,(anonymous_8)
FNDA:0,(anonymous_9)
FNDA:0,(anonymous_10)
FNDA:0,(anonymous_11)
FNDA:2,(anonymous_12)
FNDA:0,(anonymous_13)
FNDA:1,(anonymous_14)
DA:10,4
DA:11,3
DA:12,3
DA:13,3
DA:14,3
DA:15,3
DA:16,3
DA:18,3
DA:24,3
DA:25,2
DA:26,2
DA:31,2
DA:34,0
DA:38,3
DA:39,0
DA:40,0
DA:41,0
DA:42,0
DA:44,0
DA:45,0
DA:56,0
DA:58,0
DA:59,0
DA:61,3
DA:62,0
DA:63,0
DA:64,0
DA:65,0
DA:66,0
DA:67,0
DA:72,0
DA:78,0
DA:80,0
DA:81,0
DA:83,0
DA:94,0
DA:95,0
DA:96,0
DA:97,0
DA:98,0
DA:100,3
DA:101,0
DA:103,3
DA:104,0
DA:106,3
DA:107,0
DA:109,3
DA:110,0
DA:111,0
DA:114,3
DA:115,2
DA:119,3
DA:135,0
DA:235,1
LF:54
LH:22
BRDA:41,0,0,0
BRDA:41,0,1,0
BRDA:41,1,0,0
BRDA:41,1,1,0
BRDA:121,2,0,3
BRDA:121,2,1,0
BRDA:160,3,0,3
BRDA:160,3,1,0
BRDA:196,4,0,3
BRDA:196,4,1,0
BRF:10
BRH:3
end_of_record
TN:
SF:src/pages/tables_page.jsx
FN:6,Tablespage
FN:16,(anonymous_1)
FN:22,(anonymous_2)
FN:26,(anonymous_3)
FN:30,(anonymous_4)
FN:34,(anonymous_5)
FN:40,(anonymous_6)
FN:46,(anonymous_7)
FN:49,(anonymous_8)
FN:52,(anonymous_9)
FN:135,(anonymous_10)
FN:136,(anonymous_11)
FNF:12
FNH:8
FNDA:11,Tablespage
FNDA:6,(anonymous_1)
FNDA:5,(anonymous_2)
FNDA:0,(anonymous_3)
FNDA:5,(anonymous_4)
FNDA:0,(anonymous_5)
FNDA:0,(anonymous_6)
FNDA:0,(anonymous_7)
FNDA:3,(anonymous_8)
FNDA:1,(anonymous_9)
FNDA:4,(anonymous_10)
FNDA:4,(anonymous_11)
DA:7,11
DA:8,11
DA:9,11
DA:10,11
DA:16,11
DA:17,6
DA:18,6
DA:23,5
DA:24,5
DA:27,0
DA:30,11
DA:31,5
DA:34,11
DA:35,0
DA:36,0
DA:37,0
DA:40,11
DA:41,0
DA:42,0
DA:43,0
DA:44,0
DA:46,0
DA:49,11
DA:50,3
DA:52,11
DA:53,1
DA:54,1
DA:55,1
DA:65,0
DA:67,1
DA:68,1
DA:71,11
DA:135,4
DA:137,4
LF:34
LH:24
BRDA:35,0,0,0
BRDA:35,0,1,0
BRDA:43,1,0,0
BRDA:43,1,1,0
BRDA:97,2,0,11
BRDA:97,2,1,2
BRF:6
BRH:2
end_of_record
